<?xml version="1.0" encoding="UTF-8"?>
<!-- Generated by org.testng.reporters.JUnitReportReporter -->
<testsuite hostname="DESKTOP-SBJ8DN3" failures="0" tests="1" name="javaConcept.FileDownloaded" time="49.515" errors="0" timestamp="02 Dec 2022 08:00:49 GMT" skipped="0">
  <testcase classname="javaConcept.FileDownloaded" name="fileChecking" time="49.515"/>
</testsuite> <!-- javaConcept.FileDownloaded -->
